<?xml version="1.0" encoding="UTF-8"?>
<testsuite xmlns:xsi="http://www.w3.org/2001/XMLSchema-instance" xsi:noNamespaceSchemaLocation="https://maven.apache.org/surefire/maven-surefire-plugin/xsd/surefire-test-report.xsd" name="com.learning.javainterviewquestions.services.QuestionServiceTest" time="4.84" tests="1" errors="1" skipped="0" failures="0">
  <properties>
    <property name="java.specification.version" value="17"/>
    <property name="sun.jnu.encoding" value="UTF-8"/>
    <property name="java.class.path" value="/workspace/Interview-Questions-Backend/target/test-classes:/workspace/Interview-Questions-Backend/target/classes:/workspace/m2-repository/org/springframework/boot/spring-boot-starter-hateoas/3.0.1/spring-boot-starter-hateoas-3.0.1.jar:/workspace/m2-repository/org/springframework/hateoas/spring-hateoas/2.0.0/spring-hateoas-2.0.0.jar:/workspace/m2-repository/org/springframework/spring-aop/6.0.3/spring-aop-6.0.3.jar:/workspace/m2-repository/org/springframework/spring-beans/6.0.3/spring-beans-6.0.3.jar:/workspace/m2-repository/org/springframework/spring-context/6.0.3/spring-context-6.0.3.jar:/workspace/m2-repository/org/springframework/plugin/spring-plugin-core/3.0.0/spring-plugin-core-3.0.0.jar:/workspace/m2-repository/org/slf4j/slf4j-api/2.0.6/slf4j-api-2.0.6.jar:/workspace/m2-repository/org/springframework/boot/spring-boot-starter-web/3.0.1/spring-boot-starter-web-3.0.1.jar:/workspace/m2-repository/org/springframework/boot/spring-boot-starter/3.0.1/spring-boot-starter-3.0.1.jar:/workspace/m2-repository/org/springframework/boot/spring-boot-starter-logging/3.0.1/spring-boot-starter-logging-3.0.1.jar:/workspace/m2-repository/ch/qos/logback/logback-classic/1.4.5/logback-classic-1.4.5.jar:/workspace/m2-repository/ch/qos/logback/logback-core/1.4.5/logback-core-1.4.5.jar:/workspace/m2-repository/org/apache/logging/log4j/log4j-to-slf4j/2.19.0/log4j-to-slf4j-2.19.0.jar:/workspace/m2-repository/org/apache/logging/log4j/log4j-api/2.19.0/log4j-api-2.19.0.jar:/workspace/m2-repository/org/slf4j/jul-to-slf4j/2.0.6/jul-to-slf4j-2.0.6.jar:/workspace/m2-repository/jakarta/annotation/jakarta.annotation-api/2.1.1/jakarta.annotation-api-2.1.1.jar:/workspace/m2-repository/org/yaml/snakeyaml/1.33/snakeyaml-1.33.jar:/workspace/m2-repository/org/springframework/boot/spring-boot-starter-json/3.0.1/spring-boot-starter-json-3.0.1.jar:/workspace/m2-repository/com/fasterxml/jackson/core/jackson-databind/2.14.1/jackson-databind-2.14.1.jar:/workspace/m2-repository/com/fasterxml/jackson/core/jackson-annotations/2.14.1/jackson-annotations-2.14.1.jar:/workspace/m2-repository/com/fasterxml/jackson/core/jackson-core/2.14.1/jackson-core-2.14.1.jar:/workspace/m2-repository/com/fasterxml/jackson/datatype/jackson-datatype-jdk8/2.14.1/jackson-datatype-jdk8-2.14.1.jar:/workspace/m2-repository/com/fasterxml/jackson/datatype/jackson-datatype-jsr310/2.14.1/jackson-datatype-jsr310-2.14.1.jar:/workspace/m2-repository/com/fasterxml/jackson/module/jackson-module-parameter-names/2.14.1/jackson-module-parameter-names-2.14.1.jar:/workspace/m2-repository/org/springframework/boot/spring-boot-starter-tomcat/3.0.1/spring-boot-starter-tomcat-3.0.1.jar:/workspace/m2-repository/org/apache/tomcat/embed/tomcat-embed-core/10.1.4/tomcat-embed-core-10.1.4.jar:/workspace/m2-repository/org/apache/tomcat/embed/tomcat-embed-el/10.1.4/tomcat-embed-el-10.1.4.jar:/workspace/m2-repository/org/apache/tomcat/embed/tomcat-embed-websocket/10.1.4/tomcat-embed-websocket-10.1.4.jar:/workspace/m2-repository/org/springframework/spring-web/6.0.3/spring-web-6.0.3.jar:/workspace/m2-repository/io/micrometer/micrometer-observation/1.10.2/micrometer-observation-1.10.2.jar:/workspace/m2-repository/io/micrometer/micrometer-commons/1.10.2/micrometer-commons-1.10.2.jar:/workspace/m2-repository/org/springframework/spring-webmvc/6.0.3/spring-webmvc-6.0.3.jar:/workspace/m2-repository/org/springframework/spring-expression/6.0.3/spring-expression-6.0.3.jar:/workspace/m2-repository/org/springframework/boot/spring-boot-starter-data-jpa/3.0.1/spring-boot-starter-data-jpa-3.0.1.jar:/workspace/m2-repository/org/springframework/boot/spring-boot-starter-aop/3.0.1/spring-boot-starter-aop-3.0.1.jar:/workspace/m2-repository/org/aspectj/aspectjweaver/1.9.19/aspectjweaver-1.9.19.jar:/workspace/m2-repository/org/springframework/boot/spring-boot-starter-jdbc/3.0.1/spring-boot-starter-jdbc-3.0.1.jar:/workspace/m2-repository/com/zaxxer/HikariCP/5.0.1/HikariCP-5.0.1.jar:/workspace/m2-repository/org/springframework/spring-jdbc/6.0.3/spring-jdbc-6.0.3.jar:/workspace/m2-repository/org/hibernate/orm/hibernate-core/6.1.6.Final/hibernate-core-6.1.6.Final.jar:/workspace/m2-repository/jakarta/persistence/jakarta.persistence-api/3.1.0/jakarta.persistence-api-3.1.0.jar:/workspace/m2-repository/jakarta/transaction/jakarta.transaction-api/2.0.1/jakarta.transaction-api-2.0.1.jar:/workspace/m2-repository/org/jboss/logging/jboss-logging/3.5.0.Final/jboss-logging-3.5.0.Final.jar:/workspace/m2-repository/org/hibernate/common/hibernate-commons-annotations/6.0.2.Final/hibernate-commons-annotations-6.0.2.Final.jar:/workspace/m2-repository/org/jboss/jandex/2.4.2.Final/jandex-2.4.2.Final.jar:/workspace/m2-repository/com/fasterxml/classmate/1.5.1/classmate-1.5.1.jar:/workspace/m2-repository/net/bytebuddy/byte-buddy/1.12.20/byte-buddy-1.12.20.jar:/workspace/m2-repository/org/glassfish/jaxb/jaxb-runtime/4.0.1/jaxb-runtime-4.0.1.jar:/workspace/m2-repository/org/glassfish/jaxb/jaxb-core/4.0.1/jaxb-core-4.0.1.jar:/workspace/m2-repository/org/eclipse/angus/angus-activation/1.0.0/angus-activation-1.0.0.jar:/workspace/m2-repository/org/glassfish/jaxb/txw2/4.0.1/txw2-4.0.1.jar:/workspace/m2-repository/com/sun/istack/istack-commons-runtime/4.1.1/istack-commons-runtime-4.1.1.jar:/workspace/m2-repository/jakarta/inject/jakarta.inject-api/2.0.0/jakarta.inject-api-2.0.0.jar:/workspace/m2-repository/org/antlr/antlr4-runtime/4.10.1/antlr4-runtime-4.10.1.jar:/workspace/m2-repository/org/springframework/data/spring-data-jpa/3.0.0/spring-data-jpa-3.0.0.jar:/workspace/m2-repository/org/springframework/data/spring-data-commons/3.0.0/spring-data-commons-3.0.0.jar:/workspace/m2-repository/org/springframework/spring-orm/6.0.3/spring-orm-6.0.3.jar:/workspace/m2-repository/org/springframework/spring-tx/6.0.3/spring-tx-6.0.3.jar:/workspace/m2-repository/org/springframework/spring-aspects/6.0.3/spring-aspects-6.0.3.jar:/workspace/m2-repository/com/h2database/h2/2.1.214/h2-2.1.214.jar:/workspace/m2-repository/org/springframework/boot/spring-boot-devtools/3.0.1/spring-boot-devtools-3.0.1.jar:/workspace/m2-repository/org/springframework/boot/spring-boot/3.0.1/spring-boot-3.0.1.jar:/workspace/m2-repository/org/springframework/boot/spring-boot-autoconfigure/3.0.1/spring-boot-autoconfigure-3.0.1.jar:/workspace/m2-repository/com/mysql/mysql-connector-j/8.0.31/mysql-connector-j-8.0.31.jar:/workspace/m2-repository/org/projectlombok/lombok/1.18.24/lombok-1.18.24.jar:/workspace/m2-repository/org/springframework/boot/spring-boot-starter-test/3.0.1/spring-boot-starter-test-3.0.1.jar:/workspace/m2-repository/org/springframework/boot/spring-boot-test/3.0.1/spring-boot-test-3.0.1.jar:/workspace/m2-repository/org/springframework/boot/spring-boot-test-autoconfigure/3.0.1/spring-boot-test-autoconfigure-3.0.1.jar:/workspace/m2-repository/com/jayway/jsonpath/json-path/2.7.0/json-path-2.7.0.jar:/workspace/m2-repository/net/minidev/json-smart/2.4.8/json-smart-2.4.8.jar:/workspace/m2-repository/net/minidev/accessors-smart/2.4.8/accessors-smart-2.4.8.jar:/workspace/m2-repository/org/ow2/asm/asm/9.1/asm-9.1.jar:/workspace/m2-repository/jakarta/xml/bind/jakarta.xml.bind-api/4.0.0/jakarta.xml.bind-api-4.0.0.jar:/workspace/m2-repository/jakarta/activation/jakarta.activation-api/2.1.0/jakarta.activation-api-2.1.0.jar:/workspace/m2-repository/org/assertj/assertj-core/3.23.1/assertj-core-3.23.1.jar:/workspace/m2-repository/org/hamcrest/hamcrest/2.2/hamcrest-2.2.jar:/workspace/m2-repository/org/junit/jupiter/junit-jupiter/5.9.1/junit-jupiter-5.9.1.jar:/workspace/m2-repository/org/junit/jupiter/junit-jupiter-api/5.9.1/junit-jupiter-api-5.9.1.jar:/workspace/m2-repository/org/opentest4j/opentest4j/1.2.0/opentest4j-1.2.0.jar:/workspace/m2-repository/org/junit/platform/junit-platform-commons/1.9.1/junit-platform-commons-1.9.1.jar:/workspace/m2-repository/org/apiguardian/apiguardian-api/1.1.2/apiguardian-api-1.1.2.jar:/workspace/m2-repository/org/junit/jupiter/junit-jupiter-params/5.9.1/junit-jupiter-params-5.9.1.jar:/workspace/m2-repository/org/junit/jupiter/junit-jupiter-engine/5.9.1/junit-jupiter-engine-5.9.1.jar:/workspace/m2-repository/org/junit/platform/junit-platform-engine/1.9.1/junit-platform-engine-1.9.1.jar:/workspace/m2-repository/org/mockito/mockito-core/4.8.1/mockito-core-4.8.1.jar:/workspace/m2-repository/net/bytebuddy/byte-buddy-agent/1.12.20/byte-buddy-agent-1.12.20.jar:/workspace/m2-repository/org/objenesis/objenesis/3.2/objenesis-3.2.jar:/workspace/m2-repository/org/mockito/mockito-junit-jupiter/4.8.1/mockito-junit-jupiter-4.8.1.jar:/workspace/m2-repository/org/skyscreamer/jsonassert/1.5.1/jsonassert-1.5.1.jar:/workspace/m2-repository/com/vaadin/external/google/android-json/0.0.20131108.vaadin1/android-json-0.0.20131108.vaadin1.jar:/workspace/m2-repository/org/springframework/spring-core/6.0.3/spring-core-6.0.3.jar:/workspace/m2-repository/org/springframework/spring-jcl/6.0.3/spring-jcl-6.0.3.jar:/workspace/m2-repository/org/springframework/spring-test/6.0.3/spring-test-6.0.3.jar:/workspace/m2-repository/org/xmlunit/xmlunit-core/2.9.0/xmlunit-core-2.9.0.jar:"/>
    <property name="java.vm.vendor" value="Eclipse Adoptium"/>
    <property name="sun.arch.data.model" value="64"/>
    <property name="java.vendor.url" value="https://adoptium.net/"/>
    <property name="os.name" value="Linux"/>
    <property name="java.vm.specification.version" value="17"/>
    <property name="sun.java.launcher" value="SUN_STANDARD"/>
    <property name="user.country" value="US"/>
    <property name="sun.boot.library.path" value="/home/gitpod/.sdkman/candidates/java/17.0.6-tem/lib"/>
    <property name="sun.java.command" value="/workspace/Interview-Questions-Backend/target/surefire/surefirebooter15256959406083047163.jar /workspace/Interview-Questions-Backend/target/surefire 2023-02-06T08-40-54_556-jvmRun1 surefire1749738749525369840tmp surefire_0736382303662280113tmp"/>
    <property name="jdk.debug" value="release"/>
    <property name="surefire.test.class.path" value="/workspace/Interview-Questions-Backend/target/test-classes:/workspace/Interview-Questions-Backend/target/classes:/workspace/m2-repository/org/springframework/boot/spring-boot-starter-hateoas/3.0.1/spring-boot-starter-hateoas-3.0.1.jar:/workspace/m2-repository/org/springframework/hateoas/spring-hateoas/2.0.0/spring-hateoas-2.0.0.jar:/workspace/m2-repository/org/springframework/spring-aop/6.0.3/spring-aop-6.0.3.jar:/workspace/m2-repository/org/springframework/spring-beans/6.0.3/spring-beans-6.0.3.jar:/workspace/m2-repository/org/springframework/spring-context/6.0.3/spring-context-6.0.3.jar:/workspace/m2-repository/org/springframework/plugin/spring-plugin-core/3.0.0/spring-plugin-core-3.0.0.jar:/workspace/m2-repository/org/slf4j/slf4j-api/2.0.6/slf4j-api-2.0.6.jar:/workspace/m2-repository/org/springframework/boot/spring-boot-starter-web/3.0.1/spring-boot-starter-web-3.0.1.jar:/workspace/m2-repository/org/springframework/boot/spring-boot-starter/3.0.1/spring-boot-starter-3.0.1.jar:/workspace/m2-repository/org/springframework/boot/spring-boot-starter-logging/3.0.1/spring-boot-starter-logging-3.0.1.jar:/workspace/m2-repository/ch/qos/logback/logback-classic/1.4.5/logback-classic-1.4.5.jar:/workspace/m2-repository/ch/qos/logback/logback-core/1.4.5/logback-core-1.4.5.jar:/workspace/m2-repository/org/apache/logging/log4j/log4j-to-slf4j/2.19.0/log4j-to-slf4j-2.19.0.jar:/workspace/m2-repository/org/apache/logging/log4j/log4j-api/2.19.0/log4j-api-2.19.0.jar:/workspace/m2-repository/org/slf4j/jul-to-slf4j/2.0.6/jul-to-slf4j-2.0.6.jar:/workspace/m2-repository/jakarta/annotation/jakarta.annotation-api/2.1.1/jakarta.annotation-api-2.1.1.jar:/workspace/m2-repository/org/yaml/snakeyaml/1.33/snakeyaml-1.33.jar:/workspace/m2-repository/org/springframework/boot/spring-boot-starter-json/3.0.1/spring-boot-starter-json-3.0.1.jar:/workspace/m2-repository/com/fasterxml/jackson/core/jackson-databind/2.14.1/jackson-databind-2.14.1.jar:/workspace/m2-repository/com/fasterxml/jackson/core/jackson-annotations/2.14.1/jackson-annotations-2.14.1.jar:/workspace/m2-repository/com/fasterxml/jackson/core/jackson-core/2.14.1/jackson-core-2.14.1.jar:/workspace/m2-repository/com/fasterxml/jackson/datatype/jackson-datatype-jdk8/2.14.1/jackson-datatype-jdk8-2.14.1.jar:/workspace/m2-repository/com/fasterxml/jackson/datatype/jackson-datatype-jsr310/2.14.1/jackson-datatype-jsr310-2.14.1.jar:/workspace/m2-repository/com/fasterxml/jackson/module/jackson-module-parameter-names/2.14.1/jackson-module-parameter-names-2.14.1.jar:/workspace/m2-repository/org/springframework/boot/spring-boot-starter-tomcat/3.0.1/spring-boot-starter-tomcat-3.0.1.jar:/workspace/m2-repository/org/apache/tomcat/embed/tomcat-embed-core/10.1.4/tomcat-embed-core-10.1.4.jar:/workspace/m2-repository/org/apache/tomcat/embed/tomcat-embed-el/10.1.4/tomcat-embed-el-10.1.4.jar:/workspace/m2-repository/org/apache/tomcat/embed/tomcat-embed-websocket/10.1.4/tomcat-embed-websocket-10.1.4.jar:/workspace/m2-repository/org/springframework/spring-web/6.0.3/spring-web-6.0.3.jar:/workspace/m2-repository/io/micrometer/micrometer-observation/1.10.2/micrometer-observation-1.10.2.jar:/workspace/m2-repository/io/micrometer/micrometer-commons/1.10.2/micrometer-commons-1.10.2.jar:/workspace/m2-repository/org/springframework/spring-webmvc/6.0.3/spring-webmvc-6.0.3.jar:/workspace/m2-repository/org/springframework/spring-expression/6.0.3/spring-expression-6.0.3.jar:/workspace/m2-repository/org/springframework/boot/spring-boot-starter-data-jpa/3.0.1/spring-boot-starter-data-jpa-3.0.1.jar:/workspace/m2-repository/org/springframework/boot/spring-boot-starter-aop/3.0.1/spring-boot-starter-aop-3.0.1.jar:/workspace/m2-repository/org/aspectj/aspectjweaver/1.9.19/aspectjweaver-1.9.19.jar:/workspace/m2-repository/org/springframework/boot/spring-boot-starter-jdbc/3.0.1/spring-boot-starter-jdbc-3.0.1.jar:/workspace/m2-repository/com/zaxxer/HikariCP/5.0.1/HikariCP-5.0.1.jar:/workspace/m2-repository/org/springframework/spring-jdbc/6.0.3/spring-jdbc-6.0.3.jar:/workspace/m2-repository/org/hibernate/orm/hibernate-core/6.1.6.Final/hibernate-core-6.1.6.Final.jar:/workspace/m2-repository/jakarta/persistence/jakarta.persistence-api/3.1.0/jakarta.persistence-api-3.1.0.jar:/workspace/m2-repository/jakarta/transaction/jakarta.transaction-api/2.0.1/jakarta.transaction-api-2.0.1.jar:/workspace/m2-repository/org/jboss/logging/jboss-logging/3.5.0.Final/jboss-logging-3.5.0.Final.jar:/workspace/m2-repository/org/hibernate/common/hibernate-commons-annotations/6.0.2.Final/hibernate-commons-annotations-6.0.2.Final.jar:/workspace/m2-repository/org/jboss/jandex/2.4.2.Final/jandex-2.4.2.Final.jar:/workspace/m2-repository/com/fasterxml/classmate/1.5.1/classmate-1.5.1.jar:/workspace/m2-repository/net/bytebuddy/byte-buddy/1.12.20/byte-buddy-1.12.20.jar:/workspace/m2-repository/org/glassfish/jaxb/jaxb-runtime/4.0.1/jaxb-runtime-4.0.1.jar:/workspace/m2-repository/org/glassfish/jaxb/jaxb-core/4.0.1/jaxb-core-4.0.1.jar:/workspace/m2-repository/org/eclipse/angus/angus-activation/1.0.0/angus-activation-1.0.0.jar:/workspace/m2-repository/org/glassfish/jaxb/txw2/4.0.1/txw2-4.0.1.jar:/workspace/m2-repository/com/sun/istack/istack-commons-runtime/4.1.1/istack-commons-runtime-4.1.1.jar:/workspace/m2-repository/jakarta/inject/jakarta.inject-api/2.0.0/jakarta.inject-api-2.0.0.jar:/workspace/m2-repository/org/antlr/antlr4-runtime/4.10.1/antlr4-runtime-4.10.1.jar:/workspace/m2-repository/org/springframework/data/spring-data-jpa/3.0.0/spring-data-jpa-3.0.0.jar:/workspace/m2-repository/org/springframework/data/spring-data-commons/3.0.0/spring-data-commons-3.0.0.jar:/workspace/m2-repository/org/springframework/spring-orm/6.0.3/spring-orm-6.0.3.jar:/workspace/m2-repository/org/springframework/spring-tx/6.0.3/spring-tx-6.0.3.jar:/workspace/m2-repository/org/springframework/spring-aspects/6.0.3/spring-aspects-6.0.3.jar:/workspace/m2-repository/com/h2database/h2/2.1.214/h2-2.1.214.jar:/workspace/m2-repository/org/springframework/boot/spring-boot-devtools/3.0.1/spring-boot-devtools-3.0.1.jar:/workspace/m2-repository/org/springframework/boot/spring-boot/3.0.1/spring-boot-3.0.1.jar:/workspace/m2-repository/org/springframework/boot/spring-boot-autoconfigure/3.0.1/spring-boot-autoconfigure-3.0.1.jar:/workspace/m2-repository/com/mysql/mysql-connector-j/8.0.31/mysql-connector-j-8.0.31.jar:/workspace/m2-repository/org/projectlombok/lombok/1.18.24/lombok-1.18.24.jar:/workspace/m2-repository/org/springframework/boot/spring-boot-starter-test/3.0.1/spring-boot-starter-test-3.0.1.jar:/workspace/m2-repository/org/springframework/boot/spring-boot-test/3.0.1/spring-boot-test-3.0.1.jar:/workspace/m2-repository/org/springframework/boot/spring-boot-test-autoconfigure/3.0.1/spring-boot-test-autoconfigure-3.0.1.jar:/workspace/m2-repository/com/jayway/jsonpath/json-path/2.7.0/json-path-2.7.0.jar:/workspace/m2-repository/net/minidev/json-smart/2.4.8/json-smart-2.4.8.jar:/workspace/m2-repository/net/minidev/accessors-smart/2.4.8/accessors-smart-2.4.8.jar:/workspace/m2-repository/org/ow2/asm/asm/9.1/asm-9.1.jar:/workspace/m2-repository/jakarta/xml/bind/jakarta.xml.bind-api/4.0.0/jakarta.xml.bind-api-4.0.0.jar:/workspace/m2-repository/jakarta/activation/jakarta.activation-api/2.1.0/jakarta.activation-api-2.1.0.jar:/workspace/m2-repository/org/assertj/assertj-core/3.23.1/assertj-core-3.23.1.jar:/workspace/m2-repository/org/hamcrest/hamcrest/2.2/hamcrest-2.2.jar:/workspace/m2-repository/org/junit/jupiter/junit-jupiter/5.9.1/junit-jupiter-5.9.1.jar:/workspace/m2-repository/org/junit/jupiter/junit-jupiter-api/5.9.1/junit-jupiter-api-5.9.1.jar:/workspace/m2-repository/org/opentest4j/opentest4j/1.2.0/opentest4j-1.2.0.jar:/workspace/m2-repository/org/junit/platform/junit-platform-commons/1.9.1/junit-platform-commons-1.9.1.jar:/workspace/m2-repository/org/apiguardian/apiguardian-api/1.1.2/apiguardian-api-1.1.2.jar:/workspace/m2-repository/org/junit/jupiter/junit-jupiter-params/5.9.1/junit-jupiter-params-5.9.1.jar:/workspace/m2-repository/org/junit/jupiter/junit-jupiter-engine/5.9.1/junit-jupiter-engine-5.9.1.jar:/workspace/m2-repository/org/junit/platform/junit-platform-engine/1.9.1/junit-platform-engine-1.9.1.jar:/workspace/m2-repository/org/mockito/mockito-core/4.8.1/mockito-core-4.8.1.jar:/workspace/m2-repository/net/bytebuddy/byte-buddy-agent/1.12.20/byte-buddy-agent-1.12.20.jar:/workspace/m2-repository/org/objenesis/objenesis/3.2/objenesis-3.2.jar:/workspace/m2-repository/org/mockito/mockito-junit-jupiter/4.8.1/mockito-junit-jupiter-4.8.1.jar:/workspace/m2-repository/org/skyscreamer/jsonassert/1.5.1/jsonassert-1.5.1.jar:/workspace/m2-repository/com/vaadin/external/google/android-json/0.0.20131108.vaadin1/android-json-0.0.20131108.vaadin1.jar:/workspace/m2-repository/org/springframework/spring-core/6.0.3/spring-core-6.0.3.jar:/workspace/m2-repository/org/springframework/spring-jcl/6.0.3/spring-jcl-6.0.3.jar:/workspace/m2-repository/org/springframework/spring-test/6.0.3/spring-test-6.0.3.jar:/workspace/m2-repository/org/xmlunit/xmlunit-core/2.9.0/xmlunit-core-2.9.0.jar:"/>
    <property name="sun.cpu.endian" value="little"/>
    <property name="user.home" value="/home/gitpod"/>
    <property name="user.language" value="en"/>
    <property name="java.specification.vendor" value="Oracle Corporation"/>
    <property name="java.version.date" value="2023-01-17"/>
    <property name="java.home" value="/home/gitpod/.sdkman/candidates/java/17.0.6-tem"/>
    <property name="file.separator" value="/"/>
    <property name="basedir" value="/workspace/Interview-Questions-Backend"/>
    <property name="java.vm.compressedOopsMode" value="Zero based"/>
    <property name="line.separator" value="&#10;"/>
    <property name="java.vm.specification.vendor" value="Oracle Corporation"/>
    <property name="java.specification.name" value="Java Platform API Specification"/>
    <property name="surefire.real.class.path" value="/workspace/Interview-Questions-Backend/target/surefire/surefirebooter15256959406083047163.jar"/>
    <property name="sun.management.compiler" value="HotSpot 64-Bit Tiered Compilers"/>
    <property name="java.runtime.version" value="17.0.6+10"/>
    <property name="user.name" value="gitpod"/>
    <property name="path.separator" value=":"/>
    <property name="os.version" value="5.15.0-47-generic"/>
    <property name="java.runtime.name" value="OpenJDK Runtime Environment"/>
    <property name="file.encoding" value="UTF-8"/>
    <property name="java.vm.name" value="OpenJDK 64-Bit Server VM"/>
    <property name="java.vendor.version" value="Temurin-17.0.6+10"/>
    <property name="localRepository" value="/workspace/m2-repository"/>
    <property name="java.vendor.url.bug" value="https://github.com/adoptium/adoptium-support/issues"/>
    <property name="java.io.tmpdir" value="/tmp"/>
    <property name="java.version" value="17.0.6"/>
    <property name="user.dir" value="/workspace/Interview-Questions-Backend"/>
    <property name="os.arch" value="amd64"/>
    <property name="java.vm.specification.name" value="Java Virtual Machine Specification"/>
    <property name="native.encoding" value="UTF-8"/>
    <property name="java.library.path" value="/usr/java/packages/lib:/usr/lib64:/lib64:/lib:/usr/lib"/>
    <property name="java.vm.info" value="mixed mode, sharing"/>
    <property name="java.vendor" value="Eclipse Adoptium"/>
    <property name="java.vm.version" value="17.0.6+10"/>
    <property name="sun.io.unicode.encoding" value="UnicodeLittle"/>
    <property name="java.class.version" value="61.0"/>
  </properties>
  <testcase name="givenQuestionAndTopic_whenSaveQuestion_thenReturnItWithId" classname="com.learning.javainterviewquestions.services.QuestionServiceTest" time="0.263">
    <error message="Cannot invoke &quot;com.learning.javainterviewquestions.entities.QuestionEntity.getQuestion()&quot; because &quot;saved&quot; is null" type="java.lang.NullPointerException">java.lang.NullPointerException: Cannot invoke "com.learning.javainterviewquestions.entities.QuestionEntity.getQuestion()" because "saved" is null
	at com.learning.javainterviewquestions.services.QuestionServiceTest.givenQuestionAndTopic_whenSaveQuestion_thenReturnItWithId(QuestionServiceTest.java:80)
</error>
    <system-out><![CDATA[08:40:55.543 [main] DEBUG org.springframework.boot.test.autoconfigure.orm.jpa.DataJpaTestContextBootstrapper - Neither @ContextConfiguration nor @ContextHierarchy found for test class [QuestionServiceTest]: using SpringBootContextLoader
08:40:55.548 [main] DEBUG org.springframework.test.context.support.AbstractContextLoader - Could not detect default resource locations for test class [com.learning.javainterviewquestions.services.QuestionServiceTest]: no resource found for suffixes {-context.xml, Context.groovy}.
08:40:55.621 [main] DEBUG org.springframework.boot.test.autoconfigure.orm.jpa.DataJpaTestContextBootstrapper - Using ContextCustomizers for test class [QuestionServiceTest]: [ImportsContextCustomizer, ExcludeFilterContextCustomizer, DuplicateJsonObjectContextCustomizer, MockitoContextCustomizer, DisableAutoConfigurationContextCustomizer, DisableObservabilityContextCustomizer, TypeExcludeFiltersContextCustomizer, PropertyMappingContextCustomizer, Customizer]
08:40:55.701 [main] DEBUG org.springframework.context.annotation.ClassPathScanningCandidateComponentProvider - Identified candidate component class: file [/workspace/Interview-Questions-Backend/target/classes/com/learning/javainterviewquestions/JavaInterviewQuestionsApplication.class]
08:40:55.703 [main] INFO org.springframework.boot.test.context.SpringBootTestContextBootstrapper - Found @SpringBootConfiguration com.learning.javainterviewquestions.JavaInterviewQuestionsApplication for test class com.learning.javainterviewquestions.services.QuestionServiceTest
08:40:55.720 [main] DEBUG org.springframework.boot.test.autoconfigure.orm.jpa.DataJpaTestContextBootstrapper - Using TestExecutionListeners for test class [QuestionServiceTest]: [ServletTestExecutionListener, DirtiesContextBeforeModesTestExecutionListener, ApplicationEventsTestExecutionListener, MockitoTestExecutionListener, DependencyInjectionTestExecutionListener, DirtiesContextTestExecutionListener, TransactionalTestExecutionListener, SqlScriptsTestExecutionListener, EventPublishingTestExecutionListener, ResetMocksTestExecutionListener, RestDocsTestExecutionListener, MockRestServiceServerResetTestExecutionListener, MockMvcPrintOnlyOnFailureTestExecutionListener, WebDriverTestExecutionListener, MockWebServiceServerTestExecutionListener]
08:40:55.721 [main] DEBUG org.springframework.test.context.support.AbstractDirtiesContextTestExecutionListener - Before test class: class [QuestionServiceTest], class annotated with @DirtiesContext [false] with mode [null]
08:40:56.251 [main] DEBUG org.springframework.test.context.support.DependencyInjectionTestExecutionListener - Performing dependency injection for test class com.learning.javainterviewquestions.services.QuestionServiceTest

  .   ____          _            __ _ _
 /\\ / ___'_ __ _ _(_)_ __  __ _ \ \ \ \
( ( )\___ | '_ | '_| | '_ \/ _` | \ \ \ \
 \\/  ___)| |_)| | | | | || (_| |  ) ) ) )
  '  |____| .__|_| |_|_| |_\__, | / / / /
 =========|_|==============|___/=/_/_/_/
 :: Spring Boot ::                (v3.0.1)

2023-02-06T08:40:56.633Z  INFO 35171 --- [           main] c.l.j.services.QuestionServiceTest       : Starting QuestionServiceTest using Java 17.0.6 with PID 35171 (started by gitpod in /workspace/Interview-Questions-Backend)
2023-02-06T08:40:56.635Z  INFO 35171 --- [           main] c.l.j.services.QuestionServiceTest       : No active profile set, falling back to 1 default profile: "default"
2023-02-06T08:40:57.356Z  INFO 35171 --- [           main] .s.d.r.c.RepositoryConfigurationDelegate : Bootstrapping Spring Data JPA repositories in DEFAULT mode.
2023-02-06T08:40:57.438Z  INFO 35171 --- [           main] .s.d.r.c.RepositoryConfigurationDelegate : Finished Spring Data repository scanning in 75 ms. Found 3 JPA repository interfaces.
2023-02-06T08:40:57.482Z  INFO 35171 --- [           main] beddedDataSourceBeanFactoryPostProcessor : Replacing 'dataSource' DataSource bean with embedded version
2023-02-06T08:40:57.672Z  INFO 35171 --- [           main] o.s.j.d.e.EmbeddedDatabaseFactory        : Starting embedded database: url='jdbc:h2:mem:7459acb1-6761-4475-92a4-2fcf7d4436eb;DB_CLOSE_DELAY=-1;DB_CLOSE_ON_EXIT=false', username='sa'
2023-02-06T08:40:57.968Z  INFO 35171 --- [           main] o.hibernate.jpa.internal.util.LogHelper  : HHH000204: Processing PersistenceUnitInfo [name: default]
2023-02-06T08:40:58.044Z  INFO 35171 --- [           main] org.hibernate.Version                    : HHH000412: Hibernate ORM core version 6.1.6.Final
2023-02-06T08:40:58.095Z  WARN 35171 --- [           main] org.hibernate.orm.deprecation            : HHH90000021: Encountered deprecated setting [javax.persistence.sharedCache.mode], use [jakarta.persistence.sharedCache.mode] instead
2023-02-06T08:40:58.224Z  INFO 35171 --- [           main] SQL dialect                              : HHH000400: Using dialect: org.hibernate.dialect.H2Dialect
Hibernate: drop table if exists question_entity cascade 
Hibernate: drop table if exists source cascade 
Hibernate: drop table if exists topic cascade 
Hibernate: drop sequence if exists question_entity_seq
Hibernate: create sequence question_entity_seq start with 1 increment by 50
Hibernate: create table question_entity (id bigint not null, answer clob, code_snippet clob, elo float(53) not null, question clob, topic varchar(255), source_id bigint, the_topic_id bigint, primary key (id))
Hibernate: create table source (id bigint generated by default as identity, elo float(53) not null, name varchar(255), source_link varchar(500), topic varchar(255), the_topic_id bigint, primary key (id))
Hibernate: create table topic (id bigint generated by default as identity, name varchar(255), primary key (id))
Hibernate: alter table if exists source add constraint UK_4a1uurs8rtj4xnah2j9uguec0 unique (name)
Hibernate: alter table if exists topic add constraint UK_mbunn9erv8nmf5lk1r2nu0nex unique (name)
Hibernate: alter table if exists question_entity add constraint FKcaxfs2ixsoxb1bmwj9lfxehst foreign key (source_id) references source
Hibernate: alter table if exists question_entity add constraint FK4y4goppwq4r9vmyalxq60f8uh foreign key (the_topic_id) references topic
Hibernate: alter table if exists source add constraint FK2k8voecyupccdsr973jkfatag foreign key (the_topic_id) references topic
2023-02-06T08:40:58.924Z  INFO 35171 --- [           main] o.h.e.t.j.p.i.JtaPlatformInitiator       : HHH000490: Using JtaPlatform implementation: [org.hibernate.engine.transaction.jta.platform.internal.NoJtaPlatform]
2023-02-06T08:40:58.932Z  INFO 35171 --- [           main] j.LocalContainerEntityManagerFactoryBean : Initialized JPA EntityManagerFactory for persistence unit 'default'
2023-02-06T08:40:59.912Z  INFO 35171 --- [           main] c.l.j.services.QuestionServiceTest       : Started QuestionServiceTest in 3.638 seconds (process running for 5.181)
Hibernate: insert into topic (id, name) values (default, ?)
1
]]></system-out>
  </testcase>
</testsuite>